<?xml version="1.0" encoding="UTF-8"?>
<!-- Generated by org.testng.reporters.JUnitXMLReporter -->
<testsuite ignored="0" hostname="Yog" failures="1" tests="1" name="Runner2" time="0.017" errors="0" timestamp="2022-08-19T11:32:46 IST">
  <testcase classname="org.genrals.LaunchAppTest" name="launchAppTest" time="0.008">
    <failure type="org.openqa.selenium.remote.UnreachableBrowserException" message="Could not start a new session. Possible causes are invalid address of the remote server or browser start-up failure.
Build info: version: &amp;apos;2.53.1&amp;apos;, revision: &amp;apos;a36b8b1cd5757287168e54b817830adce9b0158d&amp;apos;, time: &amp;apos;2016-06-30 19:26:09&amp;apos;
System info: host: &amp;apos;Yog&amp;apos;, ip: &amp;apos;192.168.152.1&amp;apos;, os.name: &amp;apos;Windows 10&amp;apos;, os.arch: &amp;apos;amd64&amp;apos;, os.version: &amp;apos;10.0&amp;apos;, java.version: &amp;apos;11.0.16&amp;apos;
Driver info: driver.version: AndroidDriver">
      <![CDATA[org.openqa.selenium.remote.UnreachableBrowserException: Could not start a new session. Possible causes are invalid address of the remote server or browser start-up failure.
Build info: version: '2.53.1', revision: 'a36b8b1cd5757287168e54b817830adce9b0158d', time: '2016-06-30 19:26:09'
System info: host: 'Yog', ip: '192.168.152.1', os.name: 'Windows 10', os.arch: 'amd64', os.version: '10.0', java.version: '11.0.16'
Driver info: driver.version: AndroidDriver
at org.openqa.selenium.remote.RemoteWebDriver.execute(RemoteWebDriver.java:665)
at io.appium.java_client.DefaultGenericMobileDriver.execute(DefaultGenericMobileDriver.java:40)
at io.appium.java_client.AppiumDriver.execute(AppiumDriver.java:1)
at io.appium.java_client.android.AndroidDriver.execute(AndroidDriver.java:1)
at org.openqa.selenium.remote.RemoteWebDriver.startSession(RemoteWebDriver.java:249)
at org.openqa.selenium.remote.RemoteWebDriver.<init>(RemoteWebDriver.java:131)
at org.openqa.selenium.remote.RemoteWebDriver.<init>(RemoteWebDriver.java:144)
at io.appium.java_client.DefaultGenericMobileDriver.<init>(DefaultGenericMobileDriver.java:36)
at io.appium.java_client.AppiumDriver.<init>(AppiumDriver.java:114)
at io.appium.java_client.AppiumDriver.<init>(AppiumDriver.java:132)
at io.appium.java_client.android.AndroidDriver.<init>(AndroidDriver.java:92)
at org.genrals.LaunchAppTest.launchAppTest(LaunchAppTest.java:25)
at java.base/java.util.ArrayList.forEach(ArrayList.java:1541)
Caused by: org.openqa.selenium.WebDriverException: org.apache.http.client.ClientProtocolException
Build info: version: '2.53.1', revision: 'a36b8b1cd5757287168e54b817830adce9b0158d', time: '2016-06-30 19:26:09'
System info: host: 'Yog', ip: '192.168.152.1', os.name: 'Windows 10', os.arch: 'amd64', os.version: '10.0', java.version: '11.0.16'
Driver info: driver.version: AndroidDriver
at io.appium.java_client.remote.AppiumCommandExecutor.execute(AppiumCommandExecutor.java:84)
at org.openqa.selenium.remote.RemoteWebDriver.execute(RemoteWebDriver.java:644)
... 39 more
Caused by: org.apache.http.client.ClientProtocolException
at org.apache.http.impl.client.InternalHttpClient.doExecute(InternalHttpClient.java:186)
at org.apache.http.impl.client.CloseableHttpClient.execute(CloseableHttpClient.java:71)
at org.apache.http.impl.client.CloseableHttpClient.execute(CloseableHttpClient.java:55)
at org.openqa.selenium.remote.internal.ApacheHttpClient.fallBackExecute(ApacheHttpClient.java:144)
at org.openqa.selenium.remote.internal.ApacheHttpClient.execute(ApacheHttpClient.java:90)
at org.openqa.selenium.remote.HttpCommandExecutor.execute(HttpCommandExecutor.java:142)
at io.appium.java_client.remote.AppiumCommandExecutor.execute(AppiumCommandExecutor.java:69)
... 40 more
Caused by: org.apache.http.HttpException: Cannot convert host to URI: http://
at org.apache.http.impl.conn.SystemDefaultRoutePlanner.determineProxy(SystemDefaultRoutePlanner.java:77)
at org.apache.http.impl.conn.DefaultRoutePlanner.determineRoute(DefaultRoutePlanner.java:77)
at org.apache.http.impl.client.InternalHttpClient.determineRoute(InternalHttpClient.java:124)
at org.apache.http.impl.client.InternalHttpClient.doExecute(InternalHttpClient.java:183)
... 46 more
Caused by: java.net.URISyntaxException: Expected authority at index 7: http://
at java.base/java.net.URI$Parser.fail(URI.java:2913)
at java.base/java.net.URI$Parser.failExpecting(URI.java:2919)
at java.base/java.net.URI$Parser.parseHierarchical(URI.java:3163)
at java.base/java.net.URI$Parser.parse(URI.java:3114)
at java.base/java.net.URI.<init>(URI.java:600)
at org.apache.http.impl.conn.SystemDefaultRoutePlanner.determineProxy(SystemDefaultRoutePlanner.java:75)
... 49 more
... Removed 27 stack frames]]>
    </failure>
  </testcase> <!-- launchAppTest -->
</testsuite> <!-- Runner2 -->
