<?xml version="1.0" encoding="UTF-8"?>
<testng-results ignored="0" total="1" passed="0" failed="1" skipped="0">
  <reporter-output>
  </reporter-output>
  <suite started-at="2022-08-25T14:12:49 IST" name="Default suite" finished-at="2022-08-25T14:13:50 IST" duration-ms="61124">
    <groups>
    </groups>
    <test started-at="2022-08-25T14:12:49 IST" name="Default test" finished-at="2022-08-25T14:13:50 IST" duration-ms="61124">
      <class name="org.tyss.dream11.TestCase_002">
        <test-method is-config="true" signature="connectionSetup()[pri:0, instance:org.tyss.dream11.TestCase_002@7fd50002]" started-at="2022-08-25T14:12:49 IST" name="connectionSetup" finished-at="2022-08-25T14:12:49 IST" duration-ms="7" status="PASS">
          <reporter-output>
          </reporter-output>
        </test-method> <!-- connectionSetup -->
        <test-method is-config="true" signature="parameterization()[pri:0, instance:org.tyss.dream11.TestCase_002@7fd50002]" started-at="2022-08-25T14:12:49 IST" name="parameterization" finished-at="2022-08-25T14:12:49 IST" duration-ms="1" status="PASS">
          <reporter-output>
          </reporter-output>
        </test-method> <!-- parameterization -->
        <test-method is-config="true" signature="startServer()[pri:0, instance:org.tyss.dream11.TestCase_002@7fd50002]" started-at="2022-08-25T14:12:49 IST" name="startServer" finished-at="2022-08-25T14:12:54 IST" duration-ms="5251" status="PASS">
          <reporter-output>
          </reporter-output>
        </test-method> <!-- startServer -->
        <test-method is-config="true" signature="openApp()[pri:0, instance:org.tyss.dream11.TestCase_002@7fd50002]" started-at="2022-08-25T14:12:54 IST" name="openApp" finished-at="2022-08-25T14:13:50 IST" duration-ms="55824" status="PASS">
          <reporter-output>
          </reporter-output>
        </test-method> <!-- openApp -->
        <test-method signature="goMartEndToEndTest()[pri:0, instance:org.tyss.dream11.TestCase_002@7fd50002]" started-at="2022-08-25T14:13:50 IST" name="goMartEndToEndTest" finished-at="2022-08-25T14:13:50 IST" duration-ms="12" status="FAIL">
          <exception class="java.lang.NullPointerException">
            <full-stacktrace>
              <![CDATA[java.lang.NullPointerException
at org.genrals.DataHandler.getDataFromProperty(DataHandler.java:118)
at org.tyss.dream11.TestCase_002.goMartEndToEndTest(TestCase_002.java:22)
at java.base/jdk.internal.reflect.NativeMethodAccessorImpl.invoke0(Native Method)
at java.base/jdk.internal.reflect.NativeMethodAccessorImpl.invoke(NativeMethodAccessorImpl.java:62)
at java.base/jdk.internal.reflect.DelegatingMethodAccessorImpl.invoke(DelegatingMethodAccessorImpl.java:43)
at java.base/java.lang.reflect.Method.invoke(Method.java:566)
at org.testng.internal.MethodInvocationHelper.invokeMethod(MethodInvocationHelper.java:133)
at org.testng.internal.TestInvoker.invokeMethod(TestInvoker.java:598)
at org.testng.internal.TestInvoker.invokeTestMethod(TestInvoker.java:173)
at org.testng.internal.MethodRunner.runInSequence(MethodRunner.java:46)
at org.testng.internal.TestInvoker$MethodInvocationAgent.invoke(TestInvoker.java:824)
at org.testng.internal.TestInvoker.invokeTestMethods(TestInvoker.java:146)
at org.testng.internal.TestMethodWorker.invokeTestMethods(TestMethodWorker.java:146)
at org.testng.internal.TestMethodWorker.run(TestMethodWorker.java:128)
at java.base/java.util.ArrayList.forEach(ArrayList.java:1541)
at org.testng.TestRunner.privateRun(TestRunner.java:794)
at org.testng.TestRunner.run(TestRunner.java:596)
at org.testng.SuiteRunner.runTest(SuiteRunner.java:377)
at org.testng.SuiteRunner.runSequentially(SuiteRunner.java:371)
at org.testng.SuiteRunner.privateRun(SuiteRunner.java:332)
at org.testng.SuiteRunner.run(SuiteRunner.java:276)
at org.testng.SuiteRunnerWorker.runSuite(SuiteRunnerWorker.java:53)
at org.testng.SuiteRunnerWorker.run(SuiteRunnerWorker.java:96)
at org.testng.TestNG.runSuitesSequentially(TestNG.java:1212)
at org.testng.TestNG.runSuitesLocally(TestNG.java:1134)
at org.testng.TestNG.runSuites(TestNG.java:1063)
at org.testng.TestNG.run(TestNG.java:1031)
at org.testng.remote.AbstractRemoteTestNG.run(AbstractRemoteTestNG.java:115)
at org.testng.remote.RemoteTestNG.initAndRun(RemoteTestNG.java:251)
at org.testng.remote.RemoteTestNG.main(RemoteTestNG.java:77)
]]>
            </full-stacktrace>
          </exception> <!-- java.lang.NullPointerException -->
          <reporter-output>
          </reporter-output>
        </test-method> <!-- goMartEndToEndTest -->
        <test-method is-config="true" signature="closeAPIConnections()[pri:0, instance:org.tyss.dream11.TestCase_002@7fd50002]" started-at="2022-08-25T14:13:50 IST" name="closeAPIConnections" finished-at="2022-08-25T14:13:50 IST" duration-ms="0" status="PASS">
          <reporter-output>
          </reporter-output>
        </test-method> <!-- closeAPIConnections -->
        <test-method is-config="true" signature="closeCon()[pri:0, instance:org.tyss.dream11.TestCase_002@7fd50002]" started-at="2022-08-25T14:13:50 IST" name="closeCon" finished-at="2022-08-25T14:13:50 IST" duration-ms="0" status="PASS">
          <reporter-output>
          </reporter-output>
        </test-method> <!-- closeCon -->
      </class> <!-- org.tyss.dream11.TestCase_002 -->
    </test> <!-- Default test -->
  </suite> <!-- Default suite -->
</testng-results>
