<?xml version="1.0" encoding="UTF-8"?>
<testng-results ignored="0" total="1" passed="1" failed="0" skipped="0">
  <reporter-output>
  </reporter-output>
  <suite started-at="2022-08-24T14:15:17 IST" name="Default suite" finished-at="2022-08-24T14:15:41 IST" duration-ms="23914">
    <groups>
    </groups>
    <test started-at="2022-08-24T14:15:17 IST" name="Default test" finished-at="2022-08-24T14:15:41 IST" duration-ms="23914">
      <class name="org.tyss.appium36.practice.GeneralStoreScenarioTest">
        <test-method signature="uninstallgenralStoreAppTest()[pri:0, instance:org.tyss.appium36.practice.GeneralStoreScenarioTest@3e27ba32]" started-at="2022-08-24T14:15:17 IST" name="uninstallgenralStoreAppTest" finished-at="2022-08-24T14:15:41 IST" duration-ms="23855" status="PASS">
          <reporter-output>
          </reporter-output>
        </test-method> <!-- uninstallgenralStoreAppTest -->
      </class> <!-- org.tyss.appium36.practice.GeneralStoreScenarioTest -->
    </test> <!-- Default test -->
  </suite> <!-- Default suite -->
</testng-results>
